2017-06-30 09:34:44,287  INFO StateMachineTest:48 ---- Starting StateMachineTest on AJBC-1779 with PID 984 (D:\Users\004\springCloud\demo\target\test-classes started by liushihua in D:\Users\004\springCloud\demo)
2017-06-30 09:34:44,332 DEBUG StateMachineTest:51 ---- Running with Spring Boot v1.3.8.RELEASE, Spring v4.2.8.RELEASE
2017-06-30 09:34:44,333  INFO StateMachineTest:664 ---- The following profiles are active: dev
2017-06-30 09:35:00,435  INFO StateMachineTest:57 ---- Started StateMachineTest in 16.465 seconds (JVM running for 17.02)
2017-06-30 09:35:00,449  INFO SchduledTasks:19 ---- 2017-06-30 09:35:00 星期五
2017-06-30 09:35:00,583  INFO StateMachineConfig$$EnhancerBySpringCGLIB$$269862e3:75 ---- 用户完成支付，待收货
2017-06-30 09:35:00,587  INFO StateMachineConfig$$EnhancerBySpringCGLIB$$269862e3:80 ---- 用户已收货，订单完成
2017-06-30 09:37:26,232  INFO StateMachineTest:48 ---- Starting StateMachineTest on AJBC-1779 with PID 3728 (D:\Users\004\springCloud\demo\target\test-classes started by liushihua in D:\Users\004\springCloud\demo)
2017-06-30 09:37:26,235 DEBUG StateMachineTest:51 ---- Running with Spring Boot v1.3.8.RELEASE, Spring v4.2.8.RELEASE
2017-06-30 09:37:26,236  INFO StateMachineTest:664 ---- The following profiles are active: dev
2017-06-30 09:37:39,670  INFO SchduledTasks:19 ---- 2017-06-30 09:37:39 星期五
2017-06-30 09:37:39,673  INFO StateMachineTest:57 ---- Started StateMachineTest in 13.768 seconds (JVM running for 14.302)
2017-06-30 09:37:39,742  INFO StateMachineConfig$$EnhancerBySpringCGLIB$$269862e3:69 ---- 订单创建，待付款
2017-06-30 09:37:39,760  INFO StateMachineConfig$$EnhancerBySpringCGLIB$$269862e3:75 ---- 用户完成支付，待收货
2017-06-30 09:37:39,761  INFO StateMachineConfig$$EnhancerBySpringCGLIB$$269862e3:80 ---- 用户已收货，订单完成
2017-06-30 09:52:55,579  INFO StateMachineTest:48 ---- Starting StateMachineTest on AJBC-1779 with PID 5888 (D:\Users\004\springCloud\demo\target\test-classes started by liushihua in D:\Users\004\springCloud\demo)
2017-06-30 09:52:55,583 DEBUG StateMachineTest:51 ---- Running with Spring Boot v1.3.8.RELEASE, Spring v4.2.8.RELEASE
2017-06-30 09:52:55,583  INFO StateMachineTest:664 ---- The following profiles are active: dev
2017-06-30 09:53:09,447  INFO StateMachineTest:57 ---- Started StateMachineTest in 14.2 seconds (JVM running for 14.723)
2017-06-30 09:53:09,456  INFO SchduledTasks:19 ---- 2017-06-30 09:53:09 星期五
2017-06-30 09:53:09,509  INFO EventConfig$$EnhancerBySpringCGLIB$$e13ab39b:15 ---- 订单创建，待付款
2017-06-30 09:53:09,511  INFO EventConfig$$EnhancerBySpringCGLIB$$e13ab39b:20 ---- 用户完成支付，待收货
2017-06-30 09:53:09,513  INFO EventConfig$$EnhancerBySpringCGLIB$$e13ab39b:25 ---- 用户已收货，订单完成
2017-06-30 10:06:47,826  INFO DemoApplication:48 ---- Starting DemoApplication on AJBC-1779 with PID 5236 (D:\Users\004\springCloud\demo\target\classes started by liushihua in D:\Users\004\springCloud\demo)
2017-06-30 10:06:47,828 DEBUG DemoApplication:51 ---- Running with Spring Boot v1.3.8.RELEASE, Spring v4.2.8.RELEASE
2017-06-30 10:06:47,829  INFO DemoApplication:664 ---- The following profiles are active: dev
2017-06-30 10:07:04,574  INFO SchduledTasks:19 ---- 2017-06-30 10:07:04 星期五
2017-06-30 10:07:04,767  INFO DemoApplication:57 ---- Started DemoApplication in 17.307 seconds (JVM running for 17.75)
2017-06-30 10:08:04,569  INFO SchduledTasks:19 ---- 2017-06-30 10:08:04 星期五
2017-06-30 10:11:30,628  INFO DemoApplication:48 ---- Starting DemoApplication on AJBC-1779 with PID 1296 (D:\Users\004\springCloud\demo\target\classes started by liushihua in D:\Users\004\springCloud\demo)
2017-06-30 10:11:30,630 DEBUG DemoApplication:51 ---- Running with Spring Boot v1.3.8.RELEASE, Spring v4.2.8.RELEASE
2017-06-30 10:11:30,631  INFO DemoApplication:664 ---- The following profiles are active: dev
2017-06-30 10:11:48,165  INFO SchduledTasks:19 ---- 2017-06-30 10:11:48 星期五
2017-06-30 10:11:48,272  INFO DemoApplication:57 ---- Started DemoApplication in 17.964 seconds (JVM running for 18.298)
2017-06-30 10:12:48,147  INFO SchduledTasks:19 ---- 2017-06-30 10:12:48 星期五
2017-06-30 10:13:48,146  INFO SchduledTasks:19 ---- 2017-06-30 10:13:48 星期五
2017-06-30 10:14:48,147  INFO SchduledTasks:19 ---- 2017-06-30 10:14:48 星期五
2017-06-30 10:15:48,152  INFO SchduledTasks:19 ---- 2017-06-30 10:15:48 星期五
2017-06-30 10:16:48,156  INFO SchduledTasks:19 ---- 2017-06-30 10:16:48 星期五
2017-06-30 10:17:48,160  INFO SchduledTasks:19 ---- 2017-06-30 10:17:48 星期五
2017-06-30 10:18:37,158  INFO WebLogAspect:47 ---- URL: http://127.0.0.1:8080/login
2017-06-30 10:18:37,159  INFO WebLogAspect:48 ---- HTTP_METHOD: GET
2017-06-30 10:18:37,159  INFO WebLogAspect:49 ---- IP: 127.0.0.1
2017-06-30 10:18:37,160  INFO WebLogAspect:50 ---- CLASS_METHOD: com.example.web.TestController.login
2017-06-30 10:18:37,161  INFO WebLogAspect:52 ---- ARGS : []
2017-06-30 10:18:37,177  INFO WebLogAspect:58 ---- RESPONSE: login
2017-06-30 10:18:37,178  INFO WebLogAspect:59 ---- SPEND TIME: 20
2017-06-30 10:18:41,475  INFO WebLogAspect:47 ---- URL: http://127.0.0.1:8080/login
2017-06-30 10:18:41,476  INFO WebLogAspect:48 ---- HTTP_METHOD: GET
2017-06-30 10:18:41,476  INFO WebLogAspect:49 ---- IP: 127.0.0.1
2017-06-30 10:18:41,476  INFO WebLogAspect:50 ---- CLASS_METHOD: com.example.web.TestController.login
2017-06-30 10:18:41,476  INFO WebLogAspect:52 ---- ARGS : []
2017-06-30 10:18:41,476  INFO WebLogAspect:58 ---- RESPONSE: login
2017-06-30 10:18:41,477  INFO WebLogAspect:59 ---- SPEND TIME: 2
2017-06-30 10:18:48,164  INFO SchduledTasks:19 ---- 2017-06-30 10:18:48 星期五
2017-06-30 10:19:48,169  INFO SchduledTasks:19 ---- 2017-06-30 10:19:48 星期五
2017-06-30 10:20:48,173  INFO SchduledTasks:19 ---- 2017-06-30 10:20:48 星期五
2017-06-30 10:21:48,177  INFO SchduledTasks:19 ---- 2017-06-30 10:21:48 星期五
2017-06-30 10:22:48,181  INFO SchduledTasks:19 ---- 2017-06-30 10:22:48 星期五
2017-06-30 10:23:48,185  INFO SchduledTasks:19 ---- 2017-06-30 10:23:48 星期五
2017-06-30 10:24:48,189  INFO SchduledTasks:19 ---- 2017-06-30 10:24:48 星期五
2017-06-30 10:25:48,194  INFO SchduledTasks:19 ---- 2017-06-30 10:25:48 星期五
2017-06-30 10:26:48,198  INFO SchduledTasks:19 ---- 2017-06-30 10:26:48 星期五
2017-06-30 10:27:48,202  INFO SchduledTasks:19 ---- 2017-06-30 10:27:48 星期五
2017-06-30 10:28:48,206  INFO SchduledTasks:19 ---- 2017-06-30 10:28:48 星期五
2017-06-30 10:29:48,210  INFO SchduledTasks:19 ---- 2017-06-30 10:29:48 星期五
2017-06-30 10:30:48,214  INFO SchduledTasks:19 ---- 2017-06-30 10:30:48 星期五
2017-06-30 10:31:48,219  INFO SchduledTasks:19 ---- 2017-06-30 10:31:48 星期五
2017-06-30 10:32:48,223  INFO SchduledTasks:19 ---- 2017-06-30 10:32:48 星期五
2017-06-30 10:33:48,227  INFO SchduledTasks:19 ---- 2017-06-30 10:33:48 星期五
2017-06-30 10:34:48,231  INFO SchduledTasks:19 ---- 2017-06-30 10:34:48 星期五
2017-06-30 10:35:48,235  INFO SchduledTasks:19 ---- 2017-06-30 10:35:48 星期五
2017-06-30 10:36:48,240  INFO SchduledTasks:19 ---- 2017-06-30 10:36:48 星期五
2017-06-30 10:37:48,244  INFO SchduledTasks:19 ---- 2017-06-30 10:37:48 星期五
2017-06-30 10:38:48,245  INFO SchduledTasks:19 ---- 2017-06-30 10:38:48 星期五
